12/6/2022, 12:59:58 PM - INFO - Server is running on port: 3030
12/6/2022, 1:00:54 PM - INFO - Socket disconnected [id: undefined]
12/6/2022, 1:01:01 PM - DEBUG - Getting Stays
12/6/2022, 1:01:26 PM - DEBUG - auth.service - signup with username: DavidLa, fullname: David Laufer
12/6/2022, 1:01:26 PM - DEBUG - auth.route - new account created: {"username":"DavidLa","password":"$2b$10$mh2a6FRxWZkJPYkJfi/4JevPWHnl0rAAgRqayA.FxCfq.u3O2NfYy","fullname":"David Laufer","imgUrl":"","isAdmin":false,"_id":"638f210694a088010ef12f68"}
12/6/2022, 1:01:26 PM - DEBUG - auth.service - login with username: DavidLa
12/6/2022, 1:01:26 PM - INFO - User login:  | {"_id":"638f210694a088010ef12f68","username":"DavidLa","fullname":"David Laufer","imgUrl":"","isAdmin":false}
12/6/2022, 1:33:20 PM - INFO - Setting socket.userId = 638f210694a088010ef12f68 for socket [id: R0SBao6nLf0CHXm1AAAF]
12/6/2022, 1:33:20 PM - DEBUG - Getting Stays
12/6/2022, 1:41:25 PM - INFO - Socket disconnected [id: undefined]
12/6/2022, 1:41:25 PM - INFO - Socket disconnected [id: undefined]
12/6/2022, 1:41:40 PM - DEBUG - Getting Stays
12/6/2022, 1:41:56 PM - DEBUG - auth.service - login with username: DavidLa
12/6/2022, 1:41:56 PM - INFO - User login:  | {"_id":"638f210694a088010ef12f68","username":"DavidLa","fullname":"David Laufer","imgUrl":"","isAdmin":false}
12/6/2022, 1:41:56 PM - INFO - Setting socket.userId = 638f210694a088010ef12f68 for socket [id: L76qAWth-165sbUQAAAH]
12/6/2022, 1:42:02 PM - INFO - Removing socket.userId for socket [id: L76qAWth-165sbUQAAAH]
12/6/2022, 1:48:11 PM - INFO - Socket disconnected [id: undefined]
12/6/2022, 1:48:19 PM - DEBUG - Getting Stays
12/6/2022, 1:49:08 PM - DEBUG - auth.service - login with username: DavidLa
12/6/2022, 1:49:09 PM - INFO - User login:  | {"_id":"638f210694a088010ef12f68","username":"DavidLa","fullname":"David Laufer","imgUrl":"","isAdmin":false}
12/6/2022, 1:49:09 PM - INFO - Setting socket.userId = 638f210694a088010ef12f68 for socket [id: FOWMo9rEhQRUFngnAAAJ]
12/6/2022, 1:49:38 PM - INFO - Removing socket.userId for socket [id: FOWMo9rEhQRUFngnAAAJ]
12/6/2022, 1:54:10 PM - INFO - Socket disconnected [id: undefined]
12/6/2022, 1:54:22 PM - DEBUG - Getting Stays
12/6/2022, 1:54:48 PM - DEBUG - auth.service - login with username: DavidLa
12/6/2022, 1:54:48 PM - INFO - User login:  | {"_id":"638f210694a088010ef12f68","username":"DavidLa","fullname":"David Laufer","imgUrl":"","isAdmin":false}
12/6/2022, 1:54:48 PM - INFO - Setting socket.userId = 638f210694a088010ef12f68 for socket [id: jLPvxVNdUIkYXhhvAAAL]
12/6/2022, 1:54:54 PM - INFO - Removing socket.userId for socket [id: jLPvxVNdUIkYXhhvAAAL]
12/6/2022, 2:00:49 PM - INFO - Socket disconnected [id: undefined]
12/6/2022, 2:00:59 PM - DEBUG - Getting Stays
12/6/2022, 2:01:21 PM - DEBUG - auth.service - login with username: DavidLa
12/6/2022, 2:01:21 PM - INFO - User login:  | {"_id":"638f210694a088010ef12f68","username":"DavidLa","fullname":"David Laufer","imgUrl":"","isAdmin":false}
12/6/2022, 2:01:21 PM - INFO - Setting socket.userId = 638f210694a088010ef12f68 for socket [id: 4nRADWzEqqUA2yBXAAAN]
12/6/2022, 2:01:39 PM - INFO - Removing socket.userId for socket [id: 4nRADWzEqqUA2yBXAAAN]
12/6/2022, 2:02:09 PM - DEBUG - auth.service - login with username: DavidLa
12/6/2022, 2:02:09 PM - INFO - User login:  | {"_id":"638f210694a088010ef12f68","username":"DavidLa","fullname":"David Laufer","imgUrl":"","isAdmin":false}
12/6/2022, 2:02:09 PM - INFO - Setting socket.userId = 638f210694a088010ef12f68 for socket [id: 4nRADWzEqqUA2yBXAAAN]
12/6/2022, 2:02:13 PM - INFO - Removing socket.userId for socket [id: 4nRADWzEqqUA2yBXAAAN]
12/6/2022, 2:24:10 PM - INFO - Socket disconnected [id: undefined]
12/6/2022, 2:24:29 PM - DEBUG - Getting Stays
12/6/2022, 2:25:49 PM - INFO - Socket disconnected [id: undefined]
12/6/2022, 2:26:03 PM - DEBUG - Getting Stays
12/6/2022, 2:27:21 PM - INFO - Socket disconnected [id: undefined]
12/6/2022, 2:27:38 PM - DEBUG - Getting Stays
12/6/2022, 2:29:40 PM - INFO - Socket disconnected [id: undefined]
12/6/2022, 2:29:50 PM - DEBUG - Getting Stays
12/6/2022, 2:30:35 PM - INFO - Socket disconnected [id: undefined]
12/6/2022, 2:30:41 PM - DEBUG - Getting Stays
12/6/2022, 2:35:55 PM - INFO - Socket disconnected [id: undefined]
12/6/2022, 2:36:01 PM - DEBUG - Getting Stays
12/6/2022, 2:37:16 PM - INFO - Socket disconnected [id: undefined]
12/6/2022, 2:37:26 PM - DEBUG - Getting Stays
12/6/2022, 2:42:15 PM - INFO - Socket disconnected [id: undefined]
12/6/2022, 2:42:24 PM - DEBUG - Getting Stays
12/6/2022, 2:43:47 PM - INFO - Socket disconnected [id: undefined]
12/6/2022, 2:44:09 PM - DEBUG - Getting Stays
12/6/2022, 2:44:28 PM - INFO - Socket disconnected [id: undefined]
12/6/2022, 2:44:37 PM - DEBUG - Getting Stays
12/6/2022, 2:46:02 PM - INFO - Socket disconnected [id: undefined]
12/6/2022, 2:46:11 PM - DEBUG - Getting Stays
12/6/2022, 2:46:41 PM - INFO - Socket disconnected [id: undefined]
12/6/2022, 2:46:57 PM - DEBUG - Getting Stays
12/6/2022, 2:48:50 PM - INFO - Socket disconnected [id: undefined]
12/6/2022, 2:48:57 PM - DEBUG - Getting Stays
12/6/2022, 2:50:25 PM - INFO - Socket disconnected [id: undefined]
12/6/2022, 2:50:39 PM - DEBUG - Getting Stays
12/6/2022, 2:51:38 PM - INFO - Socket disconnected [id: undefined]
12/6/2022, 2:51:47 PM - DEBUG - Getting Stays
12/6/2022, 2:58:07 PM - INFO - Socket disconnected [id: undefined]
12/6/2022, 2:58:15 PM - DEBUG - Getting Stays
12/6/2022, 2:58:25 PM - DEBUG - auth.service - login with username: 
12/6/2022, 2:58:25 PM - ERROR - Failed to Login TypeError: Cannot read properties of null (reading 'password')
12/6/2022, 2:58:25 PM - INFO - Socket disconnected [id: undefined]
12/6/2022, 2:58:32 PM - DEBUG - Getting Stays
12/6/2022, 2:58:40 PM - DEBUG - auth.service - login with username: 
12/6/2022, 2:58:40 PM - ERROR - Failed to Login TypeError: Cannot read properties of null (reading 'password')
12/6/2022, 2:58:40 PM - INFO - Socket disconnected [id: undefined]
12/6/2022, 2:58:46 PM - DEBUG - Getting Stays
12/6/2022, 2:59:03 PM - DEBUG - auth.service - login with username: DavidLa
12/6/2022, 2:59:03 PM - INFO - User login:  | {"_id":"638f210694a088010ef12f68","username":"DavidLa","fullname":"David Laufer","imgUrl":"","isAdmin":false}
12/6/2022, 2:59:03 PM - INFO - Setting socket.userId = 638f210694a088010ef12f68 for socket [id: RLQDSYQcV77TfX29AAAx]
12/6/2022, 2:59:10 PM - INFO - Removing socket.userId for socket [id: RLQDSYQcV77TfX29AAAx]
12/6/2022, 2:59:27 PM - DEBUG - Getting Orders
12/6/2022, 2:59:27 PM - DEBUG - Getting Orders
12/6/2022, 2:59:42 PM - DEBUG - Getting Stays
12/6/2022, 2:59:47 PM - DEBUG - auth.service - login with username: 
12/6/2022, 2:59:47 PM - ERROR - Failed to Login TypeError: Cannot read properties of null (reading 'password')
12/6/2022, 2:59:47 PM - INFO - Socket disconnected [id: undefined]
12/6/2022, 2:59:53 PM - DEBUG - Getting Stays
12/6/2022, 3:54:02 PM - INFO - Socket disconnected [id: undefined]
12/6/2022, 4:39:10 PM - INFO - Socket disconnected [id: undefined]
12/6/2022, 11:09:40 PM - INFO - Socket disconnected [id: undefined]
12/7/2022, 10:08:04 AM - INFO - Socket disconnected [id: undefined]
12/7/2022, 11:07:19 AM - INFO - Socket disconnected [id: undefined]
12/7/2022, 1:06:42 PM - INFO - Socket disconnected [id: undefined]
12/7/2022, 9:26:08 PM - INFO - Socket disconnected [id: undefined]
12/7/2022, 9:36:50 PM - INFO - Socket disconnected [id: undefined]
12/7/2022, 9:40:51 PM - INFO - Socket disconnected [id: undefined]
12/7/2022, 9:49:15 PM - INFO - Socket disconnected [id: undefined]
12/7/2022, 9:51:59 PM - INFO - Socket disconnected [id: undefined]
12/7/2022, 9:57:21 PM - INFO - Socket disconnected [id: undefined]
12/7/2022, 9:58:16 PM - INFO - Socket disconnected [id: undefined]
12/8/2022, 4:31:03 PM - INFO - Socket disconnected [id: undefined]
12/8/2022, 6:51:04 PM - INFO - Socket disconnected [id: undefined]
12/8/2022, 7:49:30 PM - INFO - Socket disconnected [id: undefined]
12/8/2022, 7:53:58 PM - INFO - Socket disconnected [id: undefined]
12/8/2022, 8:16:00 PM - INFO - Socket disconnected [id: undefined]
12/8/2022, 8:16:42 PM - INFO - Socket disconnected [id: undefined]
12/8/2022, 9:34:56 PM - INFO - Socket disconnected [id: undefined]
12/8/2022, 9:38:01 PM - INFO - Socket disconnected [id: undefined]
12/11/2022, 11:20:22 AM - INFO - Socket disconnected [id: undefined]
12/11/2022, 1:56:05 PM - INFO - Socket disconnected [id: undefined]
12/11/2022, 3:01:18 PM - INFO - Socket disconnected [id: undefined]
12/11/2022, 3:10:57 PM - INFO - Socket disconnected [id: undefined]
12/11/2022, 5:07:23 PM - INFO - Socket disconnected [id: undefined]
12/11/2022, 5:09:05 PM - INFO - Socket disconnected [id: undefined]
12/11/2022, 5:49:43 PM - INFO - Socket disconnected [id: undefined]
12/11/2022, 6:07:21 PM - INFO - Socket disconnected [id: undefined]
12/11/2022, 6:21:19 PM - INFO - Socket disconnected [id: undefined]
12/11/2022, 7:58:19 PM - INFO - Socket disconnected [id: undefined]
12/12/2022, 9:20:26 AM - INFO - Socket disconnected [id: undefined]
